{"meta": {"format": 2, "version": "7.4.4", "timestamp": "2024-04-23T03:59:04.869838", "branch_coverage": true, "show_contexts": false}, "files": {"test_generated.py": {"executed_lines": [2, 3], "summary": {"covered_lines": 2, "num_statements": 16, "percent_covered": 12.5, "percent_covered_display": "12", "missing_lines": 14, "excluded_lines": 0, "num_branches": 0, "num_partial_branches": 0, "covered_branches": 0, "missing_branches": 0}, "missing_lines": [1, 4, 5, 6, 7, 8, 9, 10, 11, 12, 13, 14, 15, 16], "excluded_lines": [], "executed_branches": [], "missing_branches": []}, "to_test/strong_password_checker.py": {"executed_lines": [16, 17, 18, 19, 20, 21, 22, 25, 26, 27, 29, 30, 31, 41, 44, 45], "summary": {"covered_lines": 16, "num_statements": 31, "percent_covered": 51.92307692307692, "percent_covered_display": "52", "missing_lines": 15, "excluded_lines": 0, "num_branches": 21, "num_partial_branches": 4, "covered_branches": 11, "missing_branches": 10}, "missing_lines": [3, 32, 33, 34, 35, 37, 38, 39, 46, 47, 49, 50, 51, 52, 54], "excluded_lines": [], "executed_branches": [[17, 18], [19, -19], [19, 19], [19, 20], [19, 21], [21, -21], [21, 21], [21, 22], [21, 25], [30, 31], [30, 44], [31, 41], [44, 45]], "missing_branches": [[17, -17], [17, 19], [31, 32], [33, 34], [33, 37], [38, 30], [38, 39], [44, 46], [46, 47], [46, 49]]}}, "totals": {"covered_lines": 18, "num_statements": 47, "percent_covered": 42.64705882352941, "percent_covered_display": "43", "missing_lines": 29, "excluded_lines": 0, "num_branches": 21, "num_partial_branches": 4, "covered_branches": 11, "missing_branches": 10}}